[debug] [2021-06-14T19:51:59.843Z] ----------------------------------------------------------------------
[debug] [2021-06-14T19:51:59.845Z] Command:       C:\Program Files\nodejs\node.exe C:\Users\rlctc\AppData\Roaming\npm\node_modules\firebase-tools\lib\bin\firebase.js deploy
[debug] [2021-06-14T19:51:59.845Z] CLI Version:   9.12.1
[debug] [2021-06-14T19:51:59.845Z] Platform:      win32
[debug] [2021-06-14T19:51:59.845Z] Node Version:  v14.15.1
[debug] [2021-06-14T19:51:59.846Z] Time:          Mon Jun 14 2021 12:51:59 GMT-0700 (Pacific Daylight Time)
[debug] [2021-06-14T19:51:59.846Z] ----------------------------------------------------------------------
[debug] 
[debug] [2021-06-14T19:51:59.853Z] > command requires scopes: ["email","openid","https://www.googleapis.com/auth/cloudplatformprojects.readonly","https://www.googleapis.com/auth/firebase","https://www.googleapis.com/auth/cloud-platform"]
[debug] [2021-06-14T19:51:59.853Z] > authorizing via signed-in user (habibur.rahman.0927@gmail.com)
[debug] [2021-06-14T19:51:59.853Z] [iam] checking project portfolio-website-15e3a for permissions ["firebase.projects.get","firebasehosting.sites.update"]
[debug] [2021-06-14T19:51:59.855Z] >>> HTTP REQUEST POST https://cloudresourcemanager.googleapis.com/v1/projects/portfolio-website-15e3a:testIamPermissions  
 {"permissions":["firebase.projects.get","firebasehosting.sites.update"]}
[debug] [2021-06-14T19:52:02.194Z] <<< HTTP RESPONSE 200 {"content-type":"application/json; charset=UTF-8","vary":"X-Origin, Referer, Origin,Accept-Encoding","date":"Mon, 14 Jun 2021 19:52:03 GMT","server":"ESF","cache-control":"private","x-xss-protection":"0","x-frame-options":"SAMEORIGIN","x-content-type-options":"nosniff","server-timing":"gfet4t7; dur=1000","alt-svc":"h3=\":443\"; ma=2592000,h3-29=\":443\"; ma=2592000,h3-T051=\":443\"; ma=2592000,h3-Q050=\":443\"; ma=2592000,h3-Q046=\":443\"; ma=2592000,h3-Q043=\":443\"; ma=2592000,quic=\":443\"; ma=2592000; v=\"46,43\"","accept-ranges":"none","transfer-encoding":"chunked"}
[debug] [2021-06-14T19:52:02.201Z] > refreshing access token with scopes: []
[debug] [2021-06-14T19:52:02.202Z] >>> HTTP REQUEST POST https://www.googleapis.com/oauth2/v3/token  
 <request body omitted>
[debug] [2021-06-14T19:52:03.275Z] <<< HTTP RESPONSE 200 {"cache-control":"no-cache, no-store, max-age=0, must-revalidate","expires":"Mon, 01 Jan 1990 00:00:00 GMT","pragma":"no-cache","date":"Mon, 14 Jun 2021 19:52:05 GMT","content-type":"application/json; charset=utf-8","vary":"X-Origin, Referer, Origin,Accept-Encoding","server":"scaffolding on HTTPServer2","x-xss-protection":"0","x-frame-options":"SAMEORIGIN","x-content-type-options":"nosniff","alt-svc":"h3=\":443\"; ma=2592000,h3-29=\":443\"; ma=2592000,h3-T051=\":443\"; ma=2592000,h3-Q050=\":443\"; ma=2592000,h3-Q046=\":443\"; ma=2592000,h3-Q043=\":443\"; ma=2592000,quic=\":443\"; ma=2592000; v=\"46,43\"","accept-ranges":"none","transfer-encoding":"chunked"}
[debug] [2021-06-14T19:52:03.356Z] >>> [apiv2][query] GET https://firebase.googleapis.com/v1beta1/projects/portfolio-website-15e3a [none]
[debug] [2021-06-14T19:52:04.654Z] <<< [apiv2][status] GET https://firebase.googleapis.com/v1beta1/projects/portfolio-website-15e3a 200
[debug] [2021-06-14T19:52:04.654Z] <<< [apiv2][body] GET https://firebase.googleapis.com/v1beta1/projects/portfolio-website-15e3a {"projectId":"portfolio-website-15e3a","projectNumber":"131275710671","displayName":"portfolio-website","name":"projects/portfolio-website-15e3a","resources":{"hostingSite":"portfolio-website-15e3a"},"state":"ACTIVE"}
[info] 
[info] === Deploying to 'portfolio-website-15e3a'...
[info] 
[info] i  deploying hosting 
[debug] [2021-06-14T19:52:04.665Z] > refreshing access token with scopes: ["email","https://www.googleapis.com/auth/cloud-platform","https://www.googleapis.com/auth/cloudplatformprojects.readonly","https://www.googleapis.com/auth/firebase","openid"]
[debug] [2021-06-14T19:52:04.665Z] >>> HTTP REQUEST POST https://www.googleapis.com/oauth2/v3/token  
 <request body omitted>
[debug] [2021-06-14T19:52:05.673Z] <<< HTTP RESPONSE 200 {"expires":"Mon, 01 Jan 1990 00:00:00 GMT","pragma":"no-cache","cache-control":"no-cache, no-store, max-age=0, must-revalidate","date":"Mon, 14 Jun 2021 19:52:07 GMT","content-type":"application/json; charset=utf-8","vary":"X-Origin, Referer, Origin,Accept-Encoding","server":"scaffolding on HTTPServer2","x-xss-protection":"0","x-frame-options":"SAMEORIGIN","x-content-type-options":"nosniff","alt-svc":"h3=\":443\"; ma=2592000,h3-29=\":443\"; ma=2592000,h3-T051=\":443\"; ma=2592000,h3-Q050=\":443\"; ma=2592000,h3-Q046=\":443\"; ma=2592000,h3-Q043=\":443\"; ma=2592000,quic=\":443\"; ma=2592000; v=\"46,43\"","accept-ranges":"none","transfer-encoding":"chunked"}
[debug] [2021-06-14T19:52:05.748Z] >>> HTTP REQUEST POST https://firebasehosting.googleapis.com/v1beta1/sites/portfolio-website-15e3a/versions  
 {"config":{},"labels":{"deployment-tool":"cli-firebase"}}
[debug] [2021-06-14T19:52:08.593Z] <<< HTTP RESPONSE 200 {"content-type":"application/json; charset=UTF-8","vary":"X-Origin, Referer, Origin,Accept-Encoding","date":"Mon, 14 Jun 2021 19:52:10 GMT","server":"ESF","cache-control":"private","x-xss-protection":"0","x-frame-options":"SAMEORIGIN","x-content-type-options":"nosniff","alt-svc":"h3=\":443\"; ma=2592000,h3-29=\":443\"; ma=2592000,h3-T051=\":443\"; ma=2592000,h3-Q050=\":443\"; ma=2592000,h3-Q046=\":443\"; ma=2592000,h3-Q043=\":443\"; ma=2592000,quic=\":443\"; ma=2592000; v=\"46,43\"","accept-ranges":"none","transfer-encoding":"chunked"}
[info] i  hosting[portfolio-website-15e3a]: beginning deploy... 
[info] i  hosting[portfolio-website-15e3a]: found 38 files in build 
[debug] [2021-06-14T19:52:08.654Z] > refreshing access token with scopes: []
[debug] [2021-06-14T19:52:08.655Z] >>> HTTP REQUEST POST https://www.googleapis.com/oauth2/v3/token  
 <request body omitted>
[debug] [2021-06-14T19:52:08.656Z] [hosting] hash cache [YnVpbGQ] stored for 38 files
[debug] [2021-06-14T19:52:08.657Z] [hosting][hash queue][FINAL] {"max":4,"min":0,"avg":0,"active":0,"complete":38,"success":38,"errored":0,"retried":0,"total":38,"elapsed":8}
[debug] [2021-06-14T19:52:09.660Z] <<< HTTP RESPONSE 200 {"cache-control":"no-cache, no-store, max-age=0, must-revalidate","pragma":"no-cache","expires":"Mon, 01 Jan 1990 00:00:00 GMT","date":"Mon, 14 Jun 2021 19:52:11 GMT","content-type":"application/json; charset=utf-8","vary":"X-Origin, Referer, Origin,Accept-Encoding","server":"scaffolding on HTTPServer2","x-xss-protection":"0","x-frame-options":"SAMEORIGIN","x-content-type-options":"nosniff","alt-svc":"h3=\":443\"; ma=2592000,h3-29=\":443\"; ma=2592000,h3-T051=\":443\"; ma=2592000,h3-Q050=\":443\"; ma=2592000,h3-Q046=\":443\"; ma=2592000,h3-Q043=\":443\"; ma=2592000,quic=\":443\"; ma=2592000; v=\"46,43\"","accept-ranges":"none","transfer-encoding":"chunked"}
[debug] [2021-06-14T19:52:09.749Z] >>> [apiv2][query] POST https://firebasehosting.googleapis.com/v1beta1/sites/portfolio-website-15e3a/versions/780afe4be2ca6c95:populateFiles [none]
[debug] [2021-06-14T19:52:09.750Z] >>> [apiv2][body] POST https://firebasehosting.googleapis.com/v1beta1/sites/portfolio-website-15e3a/versions/780afe4be2ca6c95:populateFiles {"files":{"/asset-manifest.json":"092a77f4bd08585d538351966989edd7b3fa74aadcd7b64df927f28519c883b3","/favicon.ico":"eae62e993eb980ec8a25058c39d5a51feab118bd2100c4deebb2a9c158ec11f9","/index.html":"3168bc5059dbe0b1623da4a2a3d2101a7464c8a5c7896b1fd092f5dc5a21e372","/logo192.png":"3ee59515172ee198f3be375979df15ac5345183e656720a381b8872b2a39dc8b","/logo512.png":"ee7e2f3fdb8209c4b6fd7bef6ba50d1b9dba30a25bb5c3126df057e1cb6f5331","/manifest.json":"aff3449bdc238776f5d6d967f19ec491b36aed5fb7f23ccff6500736fd58494a","/robots.txt":"bfe106a3fb878dc83461c86818bf74fc1bdc7f28538ba613cd3e775516ce8b49","/static/css/2.4f8976c6.chunk.css":"c16d141f996f924731ee17e9a5b328e04379345cba21f216963894ed6f95d7f4","/static/css/2.4f8976c6.chunk.css.map":"a2ee68c00431431f387b58bd2f119cd2abca85e9018fe9474bea2e8ef011bbbf","/static/css/main.19405b47.chunk.css":"d8bcf4b5b76eb5ef8e28770d58f84a4d4cf75979753c79d109d91874f8c8b004","/static/css/main.19405b47.chunk.css.map":"95da75bb059eeb984c57460c456951758cda47b474b537dd6655c531814eb3aa","/static/js/2.928e0c4c.chunk.js":"8295abb00c6c96d2efd1046783ea8fe0cfd934e1d37184ba542c5b53271a43cd","/static/js/2.928e0c4c.chunk.js.LICENSE.txt":"b1c3d94bd6f1c0459780e842feab8a52f87810bbbb19d6e812d6d18e71a9304a","/static/js/2.928e0c4c.chunk.js.map":"0d66c5d64b3f4cf98508facaf05414978cf0866eeaefa1be81d511625c90992b","/static/js/main.2100497f.chunk.js":"2d26234e432d3ce110c538118cee21ca128d0b5be0d164617893ce841a702444","/static/js/main.2100497f.chunk.js.map":"29cfc0a4c21a735a533c581f6e9b4db7883abf064c33b44bebd59437f44e3f52","/static/js/runtime-main.f389d60f.js":"b1e0dbb9f7d3a7438af295d7b713b35eecfee885582d6175757205f0f8af579d","/static/js/runtime-main.f389d60f.js.map":"b37536bbd35f603dc849af1f6a407287ea6ba1a12fc73fc6d5e68f5024034a7b","/static/media/blog1.7ecbb78c.svg":"cdd5b5b2d30da8f5ec1fc50857acb5bfd9b7e0093e9f1db66b6bd5ac8af6427b","/static/media/blog2.09939351.svg":"28e154aa3bb2701380625af5651dd8cdfad1bd97a6502186b150b8b7e5577049","/static/media/blog3.6291ee7c.svg":"16d1cae7c22fa212b7de80e86e3dcde216560e796f411346c77ccafca6d023b3","/static/media/blog4.60aa6cec.svg":"749110ddacc2dbf9d783af59a72f1c03d4f65d7d8c1aed9c656407b8905368dd","/static/media/blog5.2599a6b1.svg":"a6cf8092ef526d883754f8ac63c1fecf1e5dd5be7a25f9c2fa22ac501d7c5701","/static/media/design.8ecb3043.svg":"5acba79542f11391a0fdbeb9e4a3cb5ff36a8ec02203d2aef0bbd8d6fec9a6b4","/static/media/dots.9978678b.svg":"693e5f17c898c8120768810b81f302d21254926d87f8deb075eaf29f7aaf827c","/static/media/emailme.a60657eb.svg":"591e9a84d5d0da3f81985659fbdc31177066fd6846218b0b92f7d7904b7c6fda","/static/media/full-stack.46eb1b84.PNG":"e28d512ec39fd5c583a5e7e450c5404fcee1bfd900e14ab0d3f2687fccd62c77","/static/media/game-dev.20147858.svg":"e0a461ff31afcdfac91421dc7a95cccd0cb73ff807abb7580f59f1c4ef291ff3","/static/media/habib fiver.228bc137.jpg":"80c6c4504d663171dff8e65f87b61b732a2b2c9102ed19a0e7e94d16dc994137","/static/media/habib-bg.f7bf4785.png":"94f85c27a54972b09df3a96e0900c8147c1eb5161e7f49effa70d20d2099bd5a","/static/media/intelligence.11bd2ab2.svg":"e386fb44908bee72d4c40a47dbce3aaeb06185927c6fd01a99f790e3fa3ad113","/static/media/location.5cd6776e.svg":"7d27f4dbbfabfd782ce772461937a640f88bf485e6b6f01213d5efe1c2649930","/static/media/phone.ef86e22a.svg":"dae5767f6061f0dcfce4d88dd384ccd1b384b72d6187edcf81d5f1d69b7e52a2","/static/media/port1.65d6ecfd.jpg":"39d3e09893ff598d717572229776502dd25e1549bb48576b70d7b8155222566b","/static/media/port5.1330f6cd.jpg":"7f18888dad20225f30097dbc41958a8d46ecfccd169cff27da7c4ee9f099aee8","/static/media/port6.ccfe3b5b.jpg":"4f29987264776fc7c288d500eb3d58274797839b3f5f732b97df3acce46361f2","/static/media/webdesign2.3757268d.PNG":"8c3c70dd28d7ec97266cbc960a35941896e3d96f55a5eb706cd565cdd3c55e89","/static/media/webdesigne.39e2d32c.PNG":"594bca333bc0b32c2d5d07a584bd671f3c31b02d7e1ec53b96de4f0ced1cca87"}}
[debug] [2021-06-14T19:52:12.092Z] <<< [apiv2][status] POST https://firebasehosting.googleapis.com/v1beta1/sites/portfolio-website-15e3a/versions/780afe4be2ca6c95:populateFiles 200
[debug] [2021-06-14T19:52:12.092Z] <<< [apiv2][body] POST https://firebasehosting.googleapis.com/v1beta1/sites/portfolio-website-15e3a/versions/780afe4be2ca6c95:populateFiles {"uploadUrl":"https://upload-firebasehosting.googleapis.com/upload/sites/portfolio-website-15e3a/versions/780afe4be2ca6c95/files"}
[debug] [2021-06-14T19:52:12.093Z] [hosting][populate queue][FINAL] {"max":3439,"min":3439,"avg":3439,"active":0,"complete":1,"success":1,"errored":0,"retried":0,"total":1,"elapsed":3439}
[debug] [2021-06-14T19:52:12.094Z] [hosting] uploads queued: 0
[debug] [2021-06-14T19:52:12.095Z] [hosting][upload queue][FINAL] {"max":0,"min":9999999999,"avg":0,"active":0,"complete":0,"success":0,"errored":0,"retried":0,"total":0,"elapsed":1623700332095}
[info] +  hosting[portfolio-website-15e3a]: file upload complete 
[debug] [2021-06-14T19:52:12.099Z] [hosting] deploy completed after 3503ms
[debug] [2021-06-14T19:52:12.106Z] [
  {
    "config": {
      "public": "build",
      "ignore": [
        "firebase.json",
        "**/.*",
        "**/node_modules/**"
      ],
      "site": "portfolio-website-15e3a"
    },
    "site": "portfolio-website-15e3a",
    "version": "sites/portfolio-website-15e3a/versions/780afe4be2ca6c95"
  }
]
[info] i  hosting[portfolio-website-15e3a]: finalizing version... 
[debug] [2021-06-14T19:52:12.108Z] > refreshing access token with scopes: ["email","https://www.googleapis.com/auth/cloud-platform","https://www.googleapis.com/auth/cloudplatformprojects.readonly","https://www.googleapis.com/auth/firebase","openid"]
[debug] [2021-06-14T19:52:12.109Z] >>> HTTP REQUEST POST https://www.googleapis.com/oauth2/v3/token  
 <request body omitted>
